Using pre-set license
Built from '2022.3/staging' branch; Version is '2022.3.30f1 (70558241b701) revision 7361922'; Using compiler version '192829333'; Build Type 'Release'
OS: 'Windows 10  (10.0.19045) 64bit Professional' Language: 'pt' Physical Memory: 16294 MB
BatchMode: 1, IsHumanControllingUs: 0, StartBugReporterOnCrash: 0, Is64bit: 1, IsPro: 1

COMMAND LINE ARGUMENTS:
D:\2022.3.30f1\Editor\Unity.exe
-adb2
-batchMode
-noUpm
-name
AssetImportWorker0
-projectPath
D:/Projeto EJUVV/DGAMES_CatASpell2/Cat a Spell
-logFile
Logs/AssetImportWorker0.log
-srvPort
57590
Successfully changed project path to: D:/Projeto EJUVV/DGAMES_CatASpell2/Cat a Spell
D:/Projeto EJUVV/DGAMES_CatASpell2/Cat a Spell
[UnityMemory] Configuration Parameters - Can be set up in boot.config
    "memorysetup-bucket-allocator-granularity=16"
    "memorysetup-bucket-allocator-bucket-count=8"
    "memorysetup-bucket-allocator-block-size=33554432"
    "memorysetup-bucket-allocator-block-count=8"
    "memorysetup-main-allocator-block-size=16777216"
    "memorysetup-thread-allocator-block-size=16777216"
    "memorysetup-gfx-main-allocator-block-size=16777216"
    "memorysetup-gfx-thread-allocator-block-size=16777216"
    "memorysetup-cache-allocator-block-size=4194304"
    "memorysetup-typetree-allocator-block-size=2097152"
    "memorysetup-profiler-bucket-allocator-granularity=16"
    "memorysetup-profiler-bucket-allocator-bucket-count=8"
    "memorysetup-profiler-bucket-allocator-block-size=33554432"
    "memorysetup-profiler-bucket-allocator-block-count=8"
    "memorysetup-profiler-allocator-block-size=16777216"
    "memorysetup-profiler-editor-allocator-block-size=1048576"
    "memorysetup-temp-allocator-size-main=16777216"
    "memorysetup-job-temp-allocator-block-size=2097152"
    "memorysetup-job-temp-allocator-block-size-background=1048576"
    "memorysetup-job-temp-allocator-reduction-small-platforms=262144"
    "memorysetup-allocator-temp-initial-block-size-main=262144"
    "memorysetup-allocator-temp-initial-block-size-worker=262144"
    "memorysetup-temp-allocator-size-background-worker=32768"
    "memorysetup-temp-allocator-size-job-worker=262144"
    "memorysetup-temp-allocator-size-preload-manager=33554432"
    "memorysetup-temp-allocator-size-nav-mesh-worker=65536"
    "memorysetup-temp-allocator-size-audio-worker=65536"
    "memorysetup-temp-allocator-size-cloud-worker=32768"
    "memorysetup-temp-allocator-size-gi-baking-worker=262144"
    "memorysetup-temp-allocator-size-gfx=262144"
Player connection [1180] Host "[IP] 172.16.6.149 [Port] 0 [Flags] 2 [Guid] 2121291489 [EditorId] 2121291489 [Version] 1048832 [Id] WindowsEditor(7,ELOISA) [Debug] 1 [PackageName] WindowsEditor [ProjectName] Editor" joined multi-casting on [225.0.0.222:54997]...

Player connection [1180] Host "[IP] 172.16.6.149 [Port] 0 [Flags] 2 [Guid] 2121291489 [EditorId] 2121291489 [Version] 1048832 [Id] WindowsEditor(7,ELOISA) [Debug] 1 [PackageName] WindowsEditor [ProjectName] Editor" joined alternative multi-casting on [225.0.0.222:34997]...

[Physics::Module] Initialized MultithreadedJobDispatcher with 3 workers.
Refreshing native plugins compatible for Editor in 1928.27 ms, found 3 plugins.
Preloading 0 native plugins for Editor in 0.00 ms.
Initialize engine version: 2022.3.30f1 (70558241b701)
[Subsystems] Discovering subsystems at path D:/2022.3.30f1/Editor/Data/Resources/UnitySubsystems
[Subsystems] Discovering subsystems at path D:/Projeto EJUVV/DGAMES_CatASpell2/Cat a Spell/Assets
GfxDevice: creating device client; threaded=0; jobified=0
Direct3D:
    Version:  Direct3D 11.0 [level 11.0]
    Renderer: NVIDIA GeForce 940MX (ID=0x134d)
    Vendor:   NVIDIA
    VRAM:     2010 MB
    Driver:   24.21.13.9907
Initialize mono
Mono path[0] = 'D:/2022.3.30f1/Editor/Data/Managed'
Mono path[1] = 'D:/2022.3.30f1/Editor/Data/MonoBleedingEdge/lib/mono/unityjit-win32'
Mono config path = 'D:/2022.3.30f1/Editor/Data/MonoBleedingEdge/etc'
Using monoOptions --debugger-agent=transport=dt_socket,embedding=1,server=y,suspend=n,address=127.0.0.1:56080
Begin MonoManager ReloadAssembly
Registering precompiled unity dll's ...
Register platform support module: D:/2022.3.30f1/Editor/Data/PlaybackEngines/WindowsStandaloneSupport/UnityEditor.WindowsStandalone.Extensions.dll
Registered in 0.155577 seconds.
- Loaded All Assemblies, in  6.614 seconds
Native extension for WindowsStandalone target not found
Mono: successfully reloaded assembly
- Finished resetting the current domain, in  0.324 seconds
Domain Reload Profiling: 6938ms
	BeginReloadAssembly (5032ms)
		ExecutionOrderSort (0ms)
		DisableScriptedObjects (0ms)
		BackupInstance (0ms)
		ReleaseScriptingObjects (0ms)
		CreateAndSetChildDomain (1ms)
	RebuildCommonClasses (427ms)
	RebuildNativeTypeToScriptingClass (12ms)
	initialDomainReloadingComplete (205ms)
	LoadAllAssembliesAndSetupDomain (936ms)
		LoadAssemblies (5032ms)
		RebuildTransferFunctionScriptingTraits (0ms)
		AnalyzeDomain (934ms)
			TypeCache.Refresh (933ms)
				TypeCache.ScanAssembly (650ms)
			ScanForSourceGeneratedMonoScriptInfo (0ms)
			ResolveRequiredComponents (1ms)
	FinalizeReload (325ms)
		ReleaseScriptCaches (0ms)
		RebuildScriptCaches (0ms)
		SetupLoadedEditorAssemblies (257ms)
			LogAssemblyErrors (0ms)
			InitializePlatformSupportModulesInManaged (9ms)
			SetLoadedEditorAssemblies (9ms)
			RefreshPlugins (0ms)
			BeforeProcessingInitializeOnLoad (3ms)
			ProcessInitializeOnLoadAttributes (172ms)
			ProcessInitializeOnLoadMethodAttributes (65ms)
			AfterProcessingInitializeOnLoad (0ms)
			EditorAssembliesLoaded (0ms)
		ExecutionOrderSort2 (0ms)
		AwakeInstancesAfterBackupRestoration (0ms)
========================================================================
Worker process is ready to serve import requests
Begin MonoManager ReloadAssembly
- Loaded All Assemblies, in  6.283 seconds
Refreshing native plugins compatible for Editor in 3.16 ms, found 3 plugins.
Native extension for WindowsStandalone target not found
Package Manager log level set to [2]
[Package Manager] Server::EnsureServerProcessIsRunning -- launch failed, reason: Unity was launched with the -noUpm command-line argument
[Package Manager] UpmClient::Send -- Unable to send message (not connected to UPM process).
[Package Manager] Cannot connect to Unity Package Manager local server
Mono: successfully reloaded assembly
- Finished resetting the current domain, in  1.472 seconds
Domain Reload Profiling: 7755ms
	BeginReloadAssembly (175ms)
		ExecutionOrderSort (0ms)
		DisableScriptedObjects (6ms)
		BackupInstance (0ms)
		ReleaseScriptingObjects (0ms)
		CreateAndSetChildDomain (22ms)
	RebuildCommonClasses (37ms)
	RebuildNativeTypeToScriptingClass (14ms)
	initialDomainReloadingComplete (44ms)
	LoadAllAssembliesAndSetupDomain (6012ms)
		LoadAssemblies (5409ms)
		RebuildTransferFunctionScriptingTraits (0ms)
		AnalyzeDomain (713ms)
			TypeCache.Refresh (690ms)
				TypeCache.ScanAssembly (627ms)
			ScanForSourceGeneratedMonoScriptInfo (17ms)
			ResolveRequiredComponents (6ms)
	FinalizeReload (1473ms)
		ReleaseScriptCaches (0ms)
		RebuildScriptCaches (0ms)
		SetupLoadedEditorAssemblies (1250ms)
			LogAssemblyErrors (0ms)
			InitializePlatformSupportModulesInManaged (5ms)
			SetLoadedEditorAssemblies (5ms)
			RefreshPlugins (0ms)
			BeforeProcessingInitializeOnLoad (61ms)
			ProcessInitializeOnLoadAttributes (1118ms)
			ProcessInitializeOnLoadMethodAttributes (56ms)
			AfterProcessingInitializeOnLoad (5ms)
			EditorAssembliesLoaded (0ms)
		ExecutionOrderSort2 (0ms)
		AwakeInstancesAfterBackupRestoration (25ms)
Launched and connected shader compiler UnityShaderCompiler.exe after 0.11 seconds
Refreshing native plugins compatible for Editor in 6.67 ms, found 3 plugins.
Preloading 0 native plugins for Editor in 0.00 ms.
Unloading 3137 Unused Serialized files (Serialized files now loaded: 0)
Unloading 33 unused Assets / (57.8 KB). Loaded Objects now: 3618.
Memory consumption went from 130.4 MB to 130.3 MB.
Total: 6.048900 ms (FindLiveObjects: 0.379800 ms CreateObjectMapping: 0.270100 ms MarkObjects: 5.250200 ms  DeleteObjects: 0.147400 ms)

AssetImportParameters requested are different than current active one (requested -> active):
  custom:container-demuxer-ogg: 62fdf1f143b41e24485cea50d1cbac27 -> 
  custom:video-decoder-ogg-theora: a1e56fd34408186e4bbccfd4996cb3dc -> 
  custom:framework-win-MediaFoundation: 216162199b28c13a410421893ffa2e32 -> 
  custom:CustomObjectIndexerAttribute: 9a22284fe3817be447336de3de66b15e -> 
  custom:container-demuxer-webm: 4f35f7cbe854078d1ac9338744f61a02 -> 
  custom:container-muxer-webm: aa71ff27fc2769a1b78a27578f13a17b -> 
  custom:video-decoder-webm-vp8: 9c59270c3fd7afecdb556c50c9e8de78 -> 
  custom:SearchIndexIgnoredProperties: e643bd26f0fe6173181afceb89e7c659 -> 
  custom:AudioImporter_EditorPlatform: d09bf68614088b80899f8185d706f6e7 -> 
  custom:video-encoder-webm-vp8: eb34c28f22e8b96e1ab97ce403110664 -> 
  custom:audio-decoder-ogg-vorbis: bf7c407c2cedff20999df2af8eb42d56 -> 
  custom:audio-encoder-webm-vorbis: bf7c407c2cedff20999df2af8eb42d56 -> 
========================================================================
Received Import Request.
  Time since last request: 1841.028886 seconds.
  path: Assets/Prefabs
  artifactKey: Guid(c2324bb6a46ae2846b8fb0aa7634a5e0) Importer(815301076,1909f56bfc062723c751e8b465ee728b)
Start importing Assets/Prefabs using Guid(c2324bb6a46ae2846b8fb0aa7634a5e0) Importer(815301076,1909f56bfc062723c751e8b465ee728b)  -> (artifact id: 'e0402aa336f21869e4af65c3c9365632') in 0.003303 seconds
Number of updated asset objects reloaded before import = 0
Number of asset objects unloaded after import = 0
========================================================================
Received Import Request.
  Time since last request: 22.681984 seconds.
  path: Assets/Prefabs/Árvores
  artifactKey: Guid(fd72247c3032c704a826ecda0afe85e6) Importer(815301076,1909f56bfc062723c751e8b465ee728b)
Start importing Assets/Prefabs/Árvores using Guid(fd72247c3032c704a826ecda0afe85e6) Importer(815301076,1909f56bfc062723c751e8b465ee728b)  -> (artifact id: '83bc5c5f63f890e6fa1b511bf6d239ce') in 0.000482 seconds
Number of updated asset objects reloaded before import = 0
Number of asset objects unloaded after import = 0
========================================================================
Received Import Request.
  Time since last request: 201.004067 seconds.
  path: Assets/Prefabs/Árvores/arvore_pequena.prefab
  artifactKey: Guid(ce9551c06b9df01439342b2243d1d4e8) Importer(815301076,1909f56bfc062723c751e8b465ee728b)
Start importing Assets/Prefabs/Árvores/arvore_pequena.prefab using Guid(ce9551c06b9df01439342b2243d1d4e8) Importer(815301076,1909f56bfc062723c751e8b465ee728b)  -> (artifact id: 'be6b2b9c17c347f0577ec6111063598b') in 0.231137 seconds
Number of updated asset objects reloaded before import = 0
Number of asset objects unloaded after import = 41
========================================================================
Received Import Request.
  Time since last request: 146.740338 seconds.
  path: Assets/Prefabs/Árvores/arvore_media.prefab
  artifactKey: Guid(94fd479fc76e6d94099959a0b953fc25) Importer(815301076,1909f56bfc062723c751e8b465ee728b)
Start importing Assets/Prefabs/Árvores/arvore_media.prefab using Guid(94fd479fc76e6d94099959a0b953fc25) Importer(815301076,1909f56bfc062723c751e8b465ee728b)  -> (artifact id: 'add17d49b428485aa97be8e10c8eaebf') in 0.042167 seconds
Number of updated asset objects reloaded before import = 0
Number of asset objects unloaded after import = 43
========================================================================
Received Import Request.
  Time since last request: 282.808331 seconds.
  path: Assets/Prefabs/Árvores/arvore_media2.prefab
  artifactKey: Guid(b894d6613f4850a42971a2703197806c) Importer(815301076,1909f56bfc062723c751e8b465ee728b)
Start importing Assets/Prefabs/Árvores/arvore_media2.prefab using Guid(b894d6613f4850a42971a2703197806c) Importer(815301076,1909f56bfc062723c751e8b465ee728b)  -> (artifact id: '3d60a0d1945f3e8ddf39c977add329f9') in 0.033112 seconds
Number of updated asset objects reloaded before import = 0
Number of asset objects unloaded after import = 41
========================================================================
Received Import Request.
  Time since last request: 2.420358 seconds.
  path: Assets/Prefabs/Árvores/arvore_grande.prefab
  artifactKey: Guid(dadb06062c3bf534aa04e288505116b6) Importer(815301076,1909f56bfc062723c751e8b465ee728b)
Start importing Assets/Prefabs/Árvores/arvore_grande.prefab using Guid(dadb06062c3bf534aa04e288505116b6) Importer(815301076,1909f56bfc062723c751e8b465ee728b)  -> (artifact id: '241b35044cfb20061d2e87cfd0119e2f') in 0.050518 seconds
Number of updated asset objects reloaded before import = 0
Number of asset objects unloaded after import = 43
========================================================================
Received Import Request.
  Time since last request: 248.086093 seconds.
  path: Assets/Prefabs/Árvores/arvore_pequena2.prefab
  artifactKey: Guid(c869dda8e2fdb5e46b077f7409636f15) Importer(815301076,1909f56bfc062723c751e8b465ee728b)
Start importing Assets/Prefabs/Árvores/arvore_pequena2.prefab using Guid(c869dda8e2fdb5e46b077f7409636f15) Importer(815301076,1909f56bfc062723c751e8b465ee728b)  -> (artifact id: '536bba2dfcc22224527b772a92ca5480') in 0.025946 seconds
Number of updated asset objects reloaded before import = 0
Number of asset objects unloaded after import = 41
========================================================================
Received Import Request.
  Time since last request: 47.893118 seconds.
  path: Assets/Prefabs/Árvores/arvore_grande2.prefab
  artifactKey: Guid(ed650533e1513274c9a0db87847c7d48) Importer(815301076,1909f56bfc062723c751e8b465ee728b)
Start importing Assets/Prefabs/Árvores/arvore_grande2.prefab using Guid(ed650533e1513274c9a0db87847c7d48) Importer(815301076,1909f56bfc062723c751e8b465ee728b)  -> (artifact id: '2bbb10bf481546f633778071ee257cd0') in 0.044680 seconds
Number of updated asset objects reloaded before import = 0
Number of asset objects unloaded after import = 41
========================================================================
Received Import Request.
  Time since last request: 93.733206 seconds.
  path: Assets/Prefabs/Árvores/arvore_media3.prefab
  artifactKey: Guid(78100ace6d08c3c4b9d51a79f5803378) Importer(815301076,1909f56bfc062723c751e8b465ee728b)
Start importing Assets/Prefabs/Árvores/arvore_media3.prefab using Guid(78100ace6d08c3c4b9d51a79f5803378) Importer(815301076,1909f56bfc062723c751e8b465ee728b)  -> (artifact id: 'cc37cac8b8007afa10a28fc752d030c3') in 0.043648 seconds
Number of updated asset objects reloaded before import = 0
Number of asset objects unloaded after import = 41
========================================================================
Received Import Request.
  Time since last request: 4508.997651 seconds.
  path: Assets/Prefabs/Árvores/arvore_grande.prefab
  artifactKey: Guid(dadb06062c3bf534aa04e288505116b6) Importer(815301076,1909f56bfc062723c751e8b465ee728b)
Start importing Assets/Prefabs/Árvores/arvore_grande.prefab using Guid(dadb06062c3bf534aa04e288505116b6) Importer(815301076,1909f56bfc062723c751e8b465ee728b)  -> (artifact id: 'a2af13fbc2eefd26bb1fa967c4db693a') in 0.398450 seconds
Number of updated asset objects reloaded before import = 0
Number of asset objects unloaded after import = 44
========================================================================
Received Import Request.
  Time since last request: 4.840891 seconds.
  path: Assets/Prefabs/Árvores/arvore_grande2.prefab
  artifactKey: Guid(ed650533e1513274c9a0db87847c7d48) Importer(815301076,1909f56bfc062723c751e8b465ee728b)
Start importing Assets/Prefabs/Árvores/arvore_grande2.prefab using Guid(ed650533e1513274c9a0db87847c7d48) Importer(815301076,1909f56bfc062723c751e8b465ee728b)  -> (artifact id: 'e28b12d5ed718bc9c55a3f375414b646') in 0.558521 seconds
Number of updated asset objects reloaded before import = 0
Number of asset objects unloaded after import = 42
========================================================================
Received Import Request.
  Time since last request: 0.000026 seconds.
  path: Assets/Prefabs/Árvores/arvore_media.prefab
  artifactKey: Guid(94fd479fc76e6d94099959a0b953fc25) Importer(815301076,1909f56bfc062723c751e8b465ee728b)
Start importing Assets/Prefabs/Árvores/arvore_media.prefab using Guid(94fd479fc76e6d94099959a0b953fc25) Importer(815301076,1909f56bfc062723c751e8b465ee728b)  -> (artifact id: 'f2ef99dd9a201cc50c34853f15a18ef5') in 0.132182 seconds
Number of updated asset objects reloaded before import = 0
Number of asset objects unloaded after import = 44
========================================================================
Received Import Request.
  Time since last request: 0.000042 seconds.
  path: Assets/Prefabs/Árvores/arvore_media2.prefab
  artifactKey: Guid(b894d6613f4850a42971a2703197806c) Importer(815301076,1909f56bfc062723c751e8b465ee728b)
Start importing Assets/Prefabs/Árvores/arvore_media2.prefab using Guid(b894d6613f4850a42971a2703197806c) Importer(815301076,1909f56bfc062723c751e8b465ee728b)  -> (artifact id: '679e2378fb93ee54e48a5b4761fc5653') in 0.021546 seconds
Number of updated asset objects reloaded before import = 0
Number of asset objects unloaded after import = 42
========================================================================
Received Import Request.
  Time since last request: 1.524233 seconds.
  path: Assets/Prefabs/Árvores/arvore_media3 1.prefab
  artifactKey: Guid(5c3b006b5d8ae52469a1c80ee07bfdd6) Importer(815301076,1909f56bfc062723c751e8b465ee728b)
Start importing Assets/Prefabs/Árvores/arvore_media3 1.prefab using Guid(5c3b006b5d8ae52469a1c80ee07bfdd6) Importer(815301076,1909f56bfc062723c751e8b465ee728b)  -> (artifact id: 'dd7ba901bfc69c8b99649b4e593954c4') in 0.424048 seconds
Number of updated asset objects reloaded before import = 0
Number of asset objects unloaded after import = 41
========================================================================
Received Import Request.
  Time since last request: 0.000021 seconds.
  path: Assets/Prefabs/Árvores/arvore_pequena 1.prefab
  artifactKey: Guid(508f0b4eecfd5014cb093f8549d2e483) Importer(815301076,1909f56bfc062723c751e8b465ee728b)
Start importing Assets/Prefabs/Árvores/arvore_pequena 1.prefab using Guid(508f0b4eecfd5014cb093f8549d2e483) Importer(815301076,1909f56bfc062723c751e8b465ee728b)  -> (artifact id: '0ad78f95dde52467e4af795252ab3163') in 0.028352 seconds
Number of updated asset objects reloaded before import = 0
Number of asset objects unloaded after import = 41
========================================================================
Received Import Request.
  Time since last request: 25.601715 seconds.
  path: Assets/Prefabs/Árvores/arvore_media3.prefab
  artifactKey: Guid(78100ace6d08c3c4b9d51a79f5803378) Importer(815301076,1909f56bfc062723c751e8b465ee728b)
Start importing Assets/Prefabs/Árvores/arvore_media3.prefab using Guid(78100ace6d08c3c4b9d51a79f5803378) Importer(815301076,1909f56bfc062723c751e8b465ee728b)  -> (artifact id: '0c661ecb0b2bde47716249354f351e0b') in 0.023177 seconds
Number of updated asset objects reloaded before import = 0
Number of asset objects unloaded after import = 42
========================================================================
Received Import Request.
  Time since last request: 17.719696 seconds.
  path: Assets/Prefabs/Árvores/arvore_pequena.prefab
  artifactKey: Guid(ce9551c06b9df01439342b2243d1d4e8) Importer(815301076,1909f56bfc062723c751e8b465ee728b)
Start importing Assets/Prefabs/Árvores/arvore_pequena.prefab using Guid(ce9551c06b9df01439342b2243d1d4e8) Importer(815301076,1909f56bfc062723c751e8b465ee728b)  -> (artifact id: 'ca619ccb91358f68d568ade0ef40466f') in 0.044302 seconds
Number of updated asset objects reloaded before import = 0
Number of asset objects unloaded after import = 42
========================================================================
Received Import Request.
  Time since last request: 2.612811 seconds.
  path: Assets/Prefabs/Árvores/arvore_pequena2.prefab
  artifactKey: Guid(c869dda8e2fdb5e46b077f7409636f15) Importer(815301076,1909f56bfc062723c751e8b465ee728b)
Start importing Assets/Prefabs/Árvores/arvore_pequena2.prefab using Guid(c869dda8e2fdb5e46b077f7409636f15) Importer(815301076,1909f56bfc062723c751e8b465ee728b)  -> (artifact id: '5c33b14c9b6167e17e20040b01a064f1') in 0.029671 seconds
Number of updated asset objects reloaded before import = 0
Number of asset objects unloaded after import = 42
========================================================================
Received Import Request.
  Time since last request: 115.227444 seconds.
  path: Assets/Prefabs/Árvores/New Prefab.prefab
  artifactKey: Guid(34d41c2e781a4e24b93581355bfd8556) Importer(815301076,1909f56bfc062723c751e8b465ee728b)
Start importing Assets/Prefabs/Árvores/New Prefab.prefab using Guid(34d41c2e781a4e24b93581355bfd8556) Importer(815301076,1909f56bfc062723c751e8b465ee728b)  -> (artifact id: '77808f25ccf232740d54cecb52e67937') in 0.002641 seconds
Number of updated asset objects reloaded before import = 0
Number of asset objects unloaded after import = 4
========================================================================
Received Import Request.
  Time since last request: 8.413327 seconds.
  path: Assets/Prefabs/Árvores/New Prefab.prefab
  artifactKey: Guid(34d41c2e781a4e24b93581355bfd8556) Importer(815301076,1909f56bfc062723c751e8b465ee728b)
Start importing Assets/Prefabs/Árvores/New Prefab.prefab using Guid(34d41c2e781a4e24b93581355bfd8556) Importer(815301076,1909f56bfc062723c751e8b465ee728b)  -> (artifact id: '5ae912c68f7b9dcca33f436dc1a98af3') in 0.002523 seconds
Number of updated asset objects reloaded before import = 0
Number of asset objects unloaded after import = 4
========================================================================
Received Import Request.
  Time since last request: 100.572783 seconds.
  path: Assets/Prefabs/Árvores/arvore_pequena2.prefab
  artifactKey: Guid(c869dda8e2fdb5e46b077f7409636f15) Importer(815301076,1909f56bfc062723c751e8b465ee728b)
Start importing Assets/Prefabs/Árvores/arvore_pequena2.prefab using Guid(c869dda8e2fdb5e46b077f7409636f15) Importer(815301076,1909f56bfc062723c751e8b465ee728b)  -> (artifact id: '8c4230bad96cac58f278a2e6275e5fa7') in 0.030143 seconds
Number of updated asset objects reloaded before import = 0
Number of asset objects unloaded after import = 42
========================================================================
Received Import Request.
  Time since last request: 397.024467 seconds.
  path: Assets/Fantasy Forest/Materials
  artifactKey: Guid(d2069cdd652a8a3469253eae4e8757fd) Importer(815301076,1909f56bfc062723c751e8b465ee728b)
Start importing Assets/Fantasy Forest/Materials using Guid(d2069cdd652a8a3469253eae4e8757fd) Importer(815301076,1909f56bfc062723c751e8b465ee728b)  -> (artifact id: '10293bb95cb1e319cf4acf1d92379cbf') in 0.031644 seconds
Number of updated asset objects reloaded before import = 0
Number of asset objects unloaded after import = 0
========================================================================
Received Import Request.
  Time since last request: 193.170211 seconds.
  path: Assets/Prefabs/Árvores/arvore_media2.prefab
  artifactKey: Guid(b894d6613f4850a42971a2703197806c) Importer(815301076,1909f56bfc062723c751e8b465ee728b)
Start importing Assets/Prefabs/Árvores/arvore_media2.prefab using Guid(b894d6613f4850a42971a2703197806c) Importer(815301076,1909f56bfc062723c751e8b465ee728b)  -> (artifact id: '82cf8383991f6c8b1e7126130fed2095') in 0.051811 seconds
Number of updated asset objects reloaded before import = 0
Number of asset objects unloaded after import = 42
========================================================================
Received Import Request.
  Time since last request: 3.980599 seconds.
  path: Assets/Prefabs/Árvores/arvore_media2.prefab
  artifactKey: Guid(b894d6613f4850a42971a2703197806c) Importer(815301076,1909f56bfc062723c751e8b465ee728b)
Start importing Assets/Prefabs/Árvores/arvore_media2.prefab using Guid(b894d6613f4850a42971a2703197806c) Importer(815301076,1909f56bfc062723c751e8b465ee728b)  -> (artifact id: '276dadeaa4649154059ddd85572aa2d2') in 0.024188 seconds
Number of updated asset objects reloaded before import = 0
Number of asset objects unloaded after import = 42
========================================================================
Received Import Request.
  Time since last request: 1.760862 seconds.
  path: Assets/Prefabs/Árvores/arvore_media2.prefab
  artifactKey: Guid(b894d6613f4850a42971a2703197806c) Importer(815301076,1909f56bfc062723c751e8b465ee728b)
Start importing Assets/Prefabs/Árvores/arvore_media2.prefab using Guid(b894d6613f4850a42971a2703197806c) Importer(815301076,1909f56bfc062723c751e8b465ee728b)  -> (artifact id: '39677e5ac3a66802e94f7cd02ae38670') in 0.018361 seconds
Number of updated asset objects reloaded before import = 0
Number of asset objects unloaded after import = 42
