Using pre-set license
Built from '2022.3/staging' branch; Version is '2022.3.30f1 (70558241b701) revision 7361922'; Using compiler version '192829333'; Build Type 'Release'
OS: 'Windows 10  (10.0.19045) 64bit Professional' Language: 'pt' Physical Memory: 16294 MB
BatchMode: 1, IsHumanControllingUs: 0, StartBugReporterOnCrash: 0, Is64bit: 1, IsPro: 1

COMMAND LINE ARGUMENTS:
D:\2022.3.30f1\Editor\Unity.exe
-adb2
-batchMode
-noUpm
-name
AssetImportWorker0
-projectPath
D:/Projeto EJUVV/DGAMES_CatASpell2/Cat a Spell
-logFile
Logs/AssetImportWorker0.log
-srvPort
50330
Successfully changed project path to: D:/Projeto EJUVV/DGAMES_CatASpell2/Cat a Spell
D:/Projeto EJUVV/DGAMES_CatASpell2/Cat a Spell
[UnityMemory] Configuration Parameters - Can be set up in boot.config
    "memorysetup-bucket-allocator-granularity=16"
    "memorysetup-bucket-allocator-bucket-count=8"
    "memorysetup-bucket-allocator-block-size=33554432"
    "memorysetup-bucket-allocator-block-count=8"
    "memorysetup-main-allocator-block-size=16777216"
    "memorysetup-thread-allocator-block-size=16777216"
    "memorysetup-gfx-main-allocator-block-size=16777216"
    "memorysetup-gfx-thread-allocator-block-size=16777216"
    "memorysetup-cache-allocator-block-size=4194304"
    "memorysetup-typetree-allocator-block-size=2097152"
    "memorysetup-profiler-bucket-allocator-granularity=16"
    "memorysetup-profiler-bucket-allocator-bucket-count=8"
    "memorysetup-profiler-bucket-allocator-block-size=33554432"
    "memorysetup-profiler-bucket-allocator-block-count=8"
    "memorysetup-profiler-allocator-block-size=16777216"
    "memorysetup-profiler-editor-allocator-block-size=1048576"
    "memorysetup-temp-allocator-size-main=16777216"
    "memorysetup-job-temp-allocator-block-size=2097152"
    "memorysetup-job-temp-allocator-block-size-background=1048576"
    "memorysetup-job-temp-allocator-reduction-small-platforms=262144"
    "memorysetup-allocator-temp-initial-block-size-main=262144"
    "memorysetup-allocator-temp-initial-block-size-worker=262144"
    "memorysetup-temp-allocator-size-background-worker=32768"
    "memorysetup-temp-allocator-size-job-worker=262144"
    "memorysetup-temp-allocator-size-preload-manager=33554432"
    "memorysetup-temp-allocator-size-nav-mesh-worker=65536"
    "memorysetup-temp-allocator-size-audio-worker=65536"
    "memorysetup-temp-allocator-size-cloud-worker=32768"
    "memorysetup-temp-allocator-size-gi-baking-worker=262144"
    "memorysetup-temp-allocator-size-gfx=262144"
Player connection [14100] Host "[IP] 192.168.56.1 [Port] 0 [Flags] 2 [Guid] 1607668654 [EditorId] 1607668654 [Version] 1048832 [Id] WindowsEditor(7,ELOISA) [Debug] 1 [PackageName] WindowsEditor [ProjectName] Editor" joined multi-casting on [225.0.0.222:54997]...

Player connection [14100] Host "[IP] 192.168.56.1 [Port] 0 [Flags] 2 [Guid] 1607668654 [EditorId] 1607668654 [Version] 1048832 [Id] WindowsEditor(7,ELOISA) [Debug] 1 [PackageName] WindowsEditor [ProjectName] Editor" joined alternative multi-casting on [225.0.0.222:34997]...

[Physics::Module] Initialized MultithreadedJobDispatcher with 3 workers.
Refreshing native plugins compatible for Editor in 15.67 ms, found 3 plugins.
Preloading 0 native plugins for Editor in 0.00 ms.
Initialize engine version: 2022.3.30f1 (70558241b701)
[Subsystems] Discovering subsystems at path D:/2022.3.30f1/Editor/Data/Resources/UnitySubsystems
[Subsystems] Discovering subsystems at path D:/Projeto EJUVV/DGAMES_CatASpell2/Cat a Spell/Assets
GfxDevice: creating device client; threaded=0; jobified=0
Direct3D:
    Version:  Direct3D 11.0 [level 11.0]
    Renderer: NVIDIA GeForce 940MX (ID=0x134d)
    Vendor:   NVIDIA
    VRAM:     2010 MB
    Driver:   24.21.13.9907
Initialize mono
Mono path[0] = 'D:/2022.3.30f1/Editor/Data/Managed'
Mono path[1] = 'D:/2022.3.30f1/Editor/Data/MonoBleedingEdge/lib/mono/unityjit-win32'
Mono config path = 'D:/2022.3.30f1/Editor/Data/MonoBleedingEdge/etc'
Using monoOptions --debugger-agent=transport=dt_socket,embedding=1,server=y,suspend=n,address=127.0.0.1:56784
Begin MonoManager ReloadAssembly
Registering precompiled unity dll's ...
Register platform support module: D:/2022.3.30f1/Editor/Data/PlaybackEngines/WindowsStandaloneSupport/UnityEditor.WindowsStandalone.Extensions.dll
Registered in 0.007866 seconds.
- Loaded All Assemblies, in  0.663 seconds
Native extension for WindowsStandalone target not found
Mono: successfully reloaded assembly
- Finished resetting the current domain, in  0.781 seconds
Domain Reload Profiling: 1445ms
	BeginReloadAssembly (209ms)
		ExecutionOrderSort (0ms)
		DisableScriptedObjects (0ms)
		BackupInstance (0ms)
		ReleaseScriptingObjects (0ms)
		CreateAndSetChildDomain (1ms)
	RebuildCommonClasses (48ms)
	RebuildNativeTypeToScriptingClass (22ms)
	initialDomainReloadingComplete (84ms)
	LoadAllAssembliesAndSetupDomain (300ms)
		LoadAssemblies (207ms)
		RebuildTransferFunctionScriptingTraits (0ms)
		AnalyzeDomain (297ms)
			TypeCache.Refresh (291ms)
				TypeCache.ScanAssembly (222ms)
			ScanForSourceGeneratedMonoScriptInfo (2ms)
			ResolveRequiredComponents (3ms)
	FinalizeReload (782ms)
		ReleaseScriptCaches (0ms)
		RebuildScriptCaches (0ms)
		SetupLoadedEditorAssemblies (632ms)
			LogAssemblyErrors (0ms)
			InitializePlatformSupportModulesInManaged (15ms)
			SetLoadedEditorAssemblies (10ms)
			RefreshPlugins (0ms)
			BeforeProcessingInitializeOnLoad (3ms)
			ProcessInitializeOnLoadAttributes (512ms)
			ProcessInitializeOnLoadMethodAttributes (92ms)
			AfterProcessingInitializeOnLoad (0ms)
			EditorAssembliesLoaded (0ms)
		ExecutionOrderSort2 (0ms)
		AwakeInstancesAfterBackupRestoration (0ms)
========================================================================
Worker process is ready to serve import requests
Begin MonoManager ReloadAssembly
- Loaded All Assemblies, in  1.061 seconds
Refreshing native plugins compatible for Editor in 6.07 ms, found 3 plugins.
Native extension for WindowsStandalone target not found
Package Manager log level set to [2]
[Package Manager] Server::EnsureServerProcessIsRunning -- launch failed, reason: Unity was launched with the -noUpm command-line argument
[Package Manager] UpmClient::Send -- Unable to send message (not connected to UPM process).
[Package Manager] Cannot connect to Unity Package Manager local server
Mono: successfully reloaded assembly
- Finished resetting the current domain, in  1.160 seconds
Domain Reload Profiling: 2221ms
	BeginReloadAssembly (242ms)
		ExecutionOrderSort (0ms)
		DisableScriptedObjects (7ms)
		BackupInstance (0ms)
		ReleaseScriptingObjects (0ms)
		CreateAndSetChildDomain (28ms)
	RebuildCommonClasses (70ms)
	RebuildNativeTypeToScriptingClass (35ms)
	initialDomainReloadingComplete (69ms)
	LoadAllAssembliesAndSetupDomain (646ms)
		LoadAssemblies (455ms)
		RebuildTransferFunctionScriptingTraits (0ms)
		AnalyzeDomain (349ms)
			TypeCache.Refresh (313ms)
				TypeCache.ScanAssembly (286ms)
			ScanForSourceGeneratedMonoScriptInfo (22ms)
			ResolveRequiredComponents (12ms)
	FinalizeReload (1160ms)
		ReleaseScriptCaches (0ms)
		RebuildScriptCaches (0ms)
		SetupLoadedEditorAssemblies (901ms)
			LogAssemblyErrors (0ms)
			InitializePlatformSupportModulesInManaged (12ms)
			SetLoadedEditorAssemblies (8ms)
			RefreshPlugins (0ms)
			BeforeProcessingInitializeOnLoad (82ms)
			ProcessInitializeOnLoadAttributes (765ms)
			ProcessInitializeOnLoadMethodAttributes (31ms)
			AfterProcessingInitializeOnLoad (3ms)
			EditorAssembliesLoaded (0ms)
		ExecutionOrderSort2 (0ms)
		AwakeInstancesAfterBackupRestoration (15ms)
Launched and connected shader compiler UnityShaderCompiler.exe after 0.07 seconds
Refreshing native plugins compatible for Editor in 3.71 ms, found 3 plugins.
Preloading 0 native plugins for Editor in 0.00 ms.
Unloading 3137 Unused Serialized files (Serialized files now loaded: 0)
Unloading 33 unused Assets / (57.8 KB). Loaded Objects now: 3617.
Memory consumption went from 130.0 MB to 129.9 MB.
Total: 8.203600 ms (FindLiveObjects: 0.293900 ms CreateObjectMapping: 0.259100 ms MarkObjects: 6.849100 ms  DeleteObjects: 0.800300 ms)

AssetImportParameters requested are different than current active one (requested -> active):
  custom:container-demuxer-ogg: 62fdf1f143b41e24485cea50d1cbac27 -> 
  custom:video-decoder-ogg-theora: a1e56fd34408186e4bbccfd4996cb3dc -> 
  custom:framework-win-MediaFoundation: 216162199b28c13a410421893ffa2e32 -> 
  custom:CustomObjectIndexerAttribute: 9a22284fe3817be447336de3de66b15e -> 
  custom:container-demuxer-webm: 4f35f7cbe854078d1ac9338744f61a02 -> 
  custom:container-muxer-webm: aa71ff27fc2769a1b78a27578f13a17b -> 
  custom:video-decoder-webm-vp8: 9c59270c3fd7afecdb556c50c9e8de78 -> 
  custom:SearchIndexIgnoredProperties: e643bd26f0fe6173181afceb89e7c659 -> 
  custom:AudioImporter_EditorPlatform: d09bf68614088b80899f8185d706f6e7 -> 
  custom:video-encoder-webm-vp8: eb34c28f22e8b96e1ab97ce403110664 -> 
  custom:audio-decoder-ogg-vorbis: bf7c407c2cedff20999df2af8eb42d56 -> 
  custom:audio-encoder-webm-vorbis: bf7c407c2cedff20999df2af8eb42d56 -> 
========================================================================
Received Import Request.
  Time since last request: 2413.501871 seconds.
  path: Assets/Fantasy Forest/Prefabs/tree8.prefab
  artifactKey: Guid(8dc4ab5a12ba41c4c97fd35903f3ff27) Importer(815301076,1909f56bfc062723c751e8b465ee728b)
Start importing Assets/Fantasy Forest/Prefabs/tree8.prefab using Guid(8dc4ab5a12ba41c4c97fd35903f3ff27) Importer(815301076,1909f56bfc062723c751e8b465ee728b)  -> (artifact id: 'c2f497400c43e3867fe75d003b8884c1') in 0.136901 seconds
Number of updated asset objects reloaded before import = 0
Number of asset objects unloaded after import = 13
========================================================================
Received Import Request.
  Time since last request: 0.000033 seconds.
  path: Assets/Fantasy Forest/Prefabs/leaves4.prefab
  artifactKey: Guid(3176f44bdbbbaeb41a7cf9059a6c05c3) Importer(815301076,1909f56bfc062723c751e8b465ee728b)
Start importing Assets/Fantasy Forest/Prefabs/leaves4.prefab using Guid(3176f44bdbbbaeb41a7cf9059a6c05c3) Importer(815301076,1909f56bfc062723c751e8b465ee728b)  -> (artifact id: 'b46a6183b00147f37d236e7c041ebbd0') in 0.031534 seconds
Number of updated asset objects reloaded before import = 0
Number of asset objects unloaded after import = 13
========================================================================
Received Import Request.
  Time since last request: 0.000016 seconds.
  path: Assets/Fantasy Forest/Prefabs/tree3.prefab
  artifactKey: Guid(46bc2817fad74e541917f02bb839008c) Importer(815301076,1909f56bfc062723c751e8b465ee728b)
Start importing Assets/Fantasy Forest/Prefabs/tree3.prefab using Guid(46bc2817fad74e541917f02bb839008c) Importer(815301076,1909f56bfc062723c751e8b465ee728b)  -> (artifact id: '039d29b643c858a4fc1276be8eef80bf') in 0.023617 seconds
Number of updated asset objects reloaded before import = 0
Number of asset objects unloaded after import = 13
========================================================================
Received Import Request.
  Time since last request: 0.000015 seconds.
  path: Assets/Fantasy Forest/Prefabs/tree1.prefab
  artifactKey: Guid(92bf775964716a54b8ef5b0ff1e70a44) Importer(815301076,1909f56bfc062723c751e8b465ee728b)
Start importing Assets/Fantasy Forest/Prefabs/tree1.prefab using Guid(92bf775964716a54b8ef5b0ff1e70a44) Importer(815301076,1909f56bfc062723c751e8b465ee728b)  -> (artifact id: '71161d587d743c9e96192f67b9677f54') in 0.025291 seconds
Number of updated asset objects reloaded before import = 0
Number of asset objects unloaded after import = 13
========================================================================
Received Import Request.
  Time since last request: 0.000015 seconds.
  path: Assets/Fantasy Forest/Prefabs/falling leaves.prefab
  artifactKey: Guid(db6d19623fc439d41b312197eab1a71b) Importer(815301076,1909f56bfc062723c751e8b465ee728b)
Start importing Assets/Fantasy Forest/Prefabs/falling leaves.prefab using Guid(db6d19623fc439d41b312197eab1a71b) Importer(815301076,1909f56bfc062723c751e8b465ee728b)  -> (artifact id: '8c08c2f3df29d31b2ab1fbe2b0057c63') in 0.054554 seconds
Number of updated asset objects reloaded before import = 0
Number of asset objects unloaded after import = 9
========================================================================
Received Import Request.
  Time since last request: 0.000020 seconds.
  path: Assets/Fantasy Forest/Prefabs/sunray2.prefab
  artifactKey: Guid(4ae63f6ae8c2a7a4884dcb68714f2050) Importer(815301076,1909f56bfc062723c751e8b465ee728b)
Start importing Assets/Fantasy Forest/Prefabs/sunray2.prefab using Guid(4ae63f6ae8c2a7a4884dcb68714f2050) Importer(815301076,1909f56bfc062723c751e8b465ee728b)  -> (artifact id: '3e2bb17f286f70af29717f11d7587ea6') in 0.053729 seconds
Number of updated asset objects reloaded before import = 0
Number of asset objects unloaded after import = 9
========================================================================
Received Import Request.
  Time since last request: 0.000021 seconds.
  path: Assets/Fantasy Forest/Prefabs/tree6.prefab
  artifactKey: Guid(a5b8c637a8afb2540998da1ae5c5726a) Importer(815301076,1909f56bfc062723c751e8b465ee728b)
Start importing Assets/Fantasy Forest/Prefabs/tree6.prefab using Guid(a5b8c637a8afb2540998da1ae5c5726a) Importer(815301076,1909f56bfc062723c751e8b465ee728b)  -> (artifact id: '0da23134faac7452cee267c49e88dee1') in 0.038651 seconds
Number of updated asset objects reloaded before import = 0
Number of asset objects unloaded after import = 13
========================================================================
Received Import Request.
  Time since last request: 0.000019 seconds.
  path: Assets/Fantasy Forest/Prefabs/leaves1.prefab
  artifactKey: Guid(52983a321bcd4134aa3722616c02fe39) Importer(815301076,1909f56bfc062723c751e8b465ee728b)
Start importing Assets/Fantasy Forest/Prefabs/leaves1.prefab using Guid(52983a321bcd4134aa3722616c02fe39) Importer(815301076,1909f56bfc062723c751e8b465ee728b)  -> (artifact id: 'a0ebd3b7055c781629d13ec1f826e904') in 0.019611 seconds
Number of updated asset objects reloaded before import = 0
Number of asset objects unloaded after import = 13
========================================================================
Received Import Request.
  Time since last request: 0.000023 seconds.
  path: Assets/Fantasy Forest/Prefabs/tree4.prefab
  artifactKey: Guid(33830362ee76b134f82570a284a82983) Importer(815301076,1909f56bfc062723c751e8b465ee728b)
Start importing Assets/Fantasy Forest/Prefabs/tree4.prefab using Guid(33830362ee76b134f82570a284a82983) Importer(815301076,1909f56bfc062723c751e8b465ee728b)  -> (artifact id: 'a1f6a1a43dc6608ccc575f1dab82f2d7') in 0.023242 seconds
Number of updated asset objects reloaded before import = 0
Number of asset objects unloaded after import = 13
========================================================================
Received Import Request.
  Time since last request: 0.000025 seconds.
  path: Assets/Fantasy Forest/Prefabs/tree2.prefab
  artifactKey: Guid(5e7f9f66526fe8e498a49dbf4377157b) Importer(815301076,1909f56bfc062723c751e8b465ee728b)
Start importing Assets/Fantasy Forest/Prefabs/tree2.prefab using Guid(5e7f9f66526fe8e498a49dbf4377157b) Importer(815301076,1909f56bfc062723c751e8b465ee728b)  -> (artifact id: 'f7d014e2b0ca1c78dcc1912333d31ab0') in 0.021025 seconds
Number of updated asset objects reloaded before import = 0
Number of asset objects unloaded after import = 13
========================================================================
Received Import Request.
  Time since last request: 0.000015 seconds.
  path: Assets/Fantasy Forest/Prefabs/leaves3.prefab
  artifactKey: Guid(9e4553197a2f45d44813d83c418c7436) Importer(815301076,1909f56bfc062723c751e8b465ee728b)
Start importing Assets/Fantasy Forest/Prefabs/leaves3.prefab using Guid(9e4553197a2f45d44813d83c418c7436) Importer(815301076,1909f56bfc062723c751e8b465ee728b)  -> (artifact id: 'a5769f22cb4fdbf53bb1497352a7caa2') in 0.019682 seconds
Number of updated asset objects reloaded before import = 0
Number of asset objects unloaded after import = 13
========================================================================
Received Import Request.
  Time since last request: 0.000020 seconds.
  path: Assets/Fantasy Forest/Prefabs/leaves2.prefab
  artifactKey: Guid(03288e8136328614ca2bb2239028aa76) Importer(815301076,1909f56bfc062723c751e8b465ee728b)
Start importing Assets/Fantasy Forest/Prefabs/leaves2.prefab using Guid(03288e8136328614ca2bb2239028aa76) Importer(815301076,1909f56bfc062723c751e8b465ee728b)  -> (artifact id: 'e41bd35db1448a8b821eef3b11ad8eea') in 0.023142 seconds
Number of updated asset objects reloaded before import = 0
Number of asset objects unloaded after import = 13
========================================================================
Received Import Request.
  Time since last request: 0.000028 seconds.
  path: Assets/Fantasy Forest/Prefabs/moonray.prefab
  artifactKey: Guid(4f62f65d31f3fa14a9738d08d58564e9) Importer(815301076,1909f56bfc062723c751e8b465ee728b)
Start importing Assets/Fantasy Forest/Prefabs/moonray.prefab using Guid(4f62f65d31f3fa14a9738d08d58564e9) Importer(815301076,1909f56bfc062723c751e8b465ee728b)  -> (artifact id: '58756b2037537cb19d5f99c2fda9315b') in 0.026596 seconds
Number of updated asset objects reloaded before import = 0
Number of asset objects unloaded after import = 9
========================================================================
Received Import Request.
  Time since last request: 0.000020 seconds.
  path: Assets/Fantasy Forest/Prefabs/mushroom.prefab
  artifactKey: Guid(cab80c0f92109d54b9b76b0239c3f510) Importer(815301076,1909f56bfc062723c751e8b465ee728b)
Start importing Assets/Fantasy Forest/Prefabs/mushroom.prefab using Guid(cab80c0f92109d54b9b76b0239c3f510) Importer(815301076,1909f56bfc062723c751e8b465ee728b)  -> (artifact id: 'f34c16a455a73cc73d645cd98041b307') in 0.039185 seconds
Number of updated asset objects reloaded before import = 0
Number of asset objects unloaded after import = 39
========================================================================
Received Import Request.
  Time since last request: 0.000022 seconds.
  path: Assets/Fantasy Forest/Prefabs/tree10.prefab
  artifactKey: Guid(4f8234c6a77a7c048b048b40641e5a97) Importer(815301076,1909f56bfc062723c751e8b465ee728b)
Start importing Assets/Fantasy Forest/Prefabs/tree10.prefab using Guid(4f8234c6a77a7c048b048b40641e5a97) Importer(815301076,1909f56bfc062723c751e8b465ee728b)  -> (artifact id: '5fd07c9ff6b59edcb5d4f02e220194b4') in 0.021902 seconds
Number of updated asset objects reloaded before import = 0
Number of asset objects unloaded after import = 13
========================================================================
Received Import Request.
  Time since last request: 0.000015 seconds.
  path: Assets/Fantasy Forest/Prefabs/flower2.prefab
  artifactKey: Guid(13636321141941d42aa493fe4345e57e) Importer(815301076,1909f56bfc062723c751e8b465ee728b)
Start importing Assets/Fantasy Forest/Prefabs/flower2.prefab using Guid(13636321141941d42aa493fe4345e57e) Importer(815301076,1909f56bfc062723c751e8b465ee728b)  -> (artifact id: '8a8ef5b21b6ae14f40177c3f76913084') in 0.019175 seconds
Number of updated asset objects reloaded before import = 0
Number of asset objects unloaded after import = 14
========================================================================
Received Import Request.
  Time since last request: 0.000021 seconds.
  path: Assets/Fantasy Forest/Prefabs/sunray1.prefab
  artifactKey: Guid(e4571183259a2da468f93a70060cd62a) Importer(815301076,1909f56bfc062723c751e8b465ee728b)
Start importing Assets/Fantasy Forest/Prefabs/sunray1.prefab using Guid(e4571183259a2da468f93a70060cd62a) Importer(815301076,1909f56bfc062723c751e8b465ee728b)  -> (artifact id: '924b6411d01b2550fcd6ec13c35ee909') in 0.021380 seconds
Number of updated asset objects reloaded before import = 0
Number of asset objects unloaded after import = 9
========================================================================
Received Import Request.
  Time since last request: 0.000041 seconds.
  path: Assets/Fantasy Forest/Prefabs/tree5.prefab
  artifactKey: Guid(f77d48d9d0debe740b4199919f4cb7cf) Importer(815301076,1909f56bfc062723c751e8b465ee728b)
Start importing Assets/Fantasy Forest/Prefabs/tree5.prefab using Guid(f77d48d9d0debe740b4199919f4cb7cf) Importer(815301076,1909f56bfc062723c751e8b465ee728b)  -> (artifact id: '4b547919786763aee5192b5fc2d6632a') in 0.022659 seconds
Number of updated asset objects reloaded before import = 0
Number of asset objects unloaded after import = 13
========================================================================
Received Import Request.
  Time since last request: 0.000024 seconds.
  path: Assets/Fantasy Forest/Prefabs/tree9.prefab
  artifactKey: Guid(1a7bba7f34c99304aa11660917203f17) Importer(815301076,1909f56bfc062723c751e8b465ee728b)
Start importing Assets/Fantasy Forest/Prefabs/tree9.prefab using Guid(1a7bba7f34c99304aa11660917203f17) Importer(815301076,1909f56bfc062723c751e8b465ee728b)  -> (artifact id: '7787f0ac14e558d2607d4ccaf376303e') in 0.019894 seconds
Number of updated asset objects reloaded before import = 0
Number of asset objects unloaded after import = 13
========================================================================
Received Import Request.
  Time since last request: 0.000015 seconds.
  path: Assets/Fantasy Forest/Prefabs/tree7.prefab
  artifactKey: Guid(23cdad6da1bd7f44d8a47f907f7b1dd4) Importer(815301076,1909f56bfc062723c751e8b465ee728b)
Start importing Assets/Fantasy Forest/Prefabs/tree7.prefab using Guid(23cdad6da1bd7f44d8a47f907f7b1dd4) Importer(815301076,1909f56bfc062723c751e8b465ee728b)  -> (artifact id: 'aa575d74e6f24a0a95aa418c46bc4509') in 0.020533 seconds
Number of updated asset objects reloaded before import = 0
Number of asset objects unloaded after import = 13
========================================================================
Received Import Request.
  Time since last request: 0.000026 seconds.
  path: Assets/Fantasy Forest/Prefabs/flower1.prefab
  artifactKey: Guid(4588e434cfffdd44bb8a08ec9789210e) Importer(815301076,1909f56bfc062723c751e8b465ee728b)
Start importing Assets/Fantasy Forest/Prefabs/flower1.prefab using Guid(4588e434cfffdd44bb8a08ec9789210e) Importer(815301076,1909f56bfc062723c751e8b465ee728b)  -> (artifact id: 'b63e3680d982a8901e705d716dedb788') in 0.022079 seconds
Number of updated asset objects reloaded before import = 0
Number of asset objects unloaded after import = 14
