Using pre-set license
Built from '2021.3/staging' branch; Version is '2021.3.0f1 (6eacc8284459) revision 7253192'; Using compiler version '192829333'; Build Type 'Release'
OS: 'Windows 10  (10.0.19045) 64bit Professional' Language: 'pt' Physical Memory: 16294 MB
BatchMode: 1, IsHumanControllingUs: 0, StartBugReporterOnCrash: 0, Is64bit: 1, IsPro: 1

COMMAND LINE ARGUMENTS:
D:\2021.3.0f1\Editor\Unity.exe
-adb2
-batchMode
-noUpm
-name
AssetImportWorker4
-projectPath
D:/Projeto EJUVV/DGAMES_CatASpell2
-logFile
Logs/AssetImportWorker4.log
-srvPort
52853
Successfully changed project path to: D:/Projeto EJUVV/DGAMES_CatASpell2
D:/Projeto EJUVV/DGAMES_CatASpell2
[UnityMemory] Configuration Parameters - Can be set up in boot.config
    "memorysetup-bucket-allocator-granularity=16"
    "memorysetup-bucket-allocator-bucket-count=8"
    "memorysetup-bucket-allocator-block-size=33554432"
    "memorysetup-bucket-allocator-block-count=8"
    "memorysetup-main-allocator-block-size=16777216"
    "memorysetup-thread-allocator-block-size=16777216"
    "memorysetup-gfx-main-allocator-block-size=16777216"
    "memorysetup-gfx-thread-allocator-block-size=16777216"
    "memorysetup-cache-allocator-block-size=4194304"
    "memorysetup-typetree-allocator-block-size=2097152"
    "memorysetup-profiler-bucket-allocator-granularity=16"
    "memorysetup-profiler-bucket-allocator-bucket-count=8"
    "memorysetup-profiler-bucket-allocator-block-size=33554432"
    "memorysetup-profiler-bucket-allocator-block-count=8"
    "memorysetup-profiler-allocator-block-size=16777216"
    "memorysetup-profiler-editor-allocator-block-size=1048576"
    "memorysetup-temp-allocator-size-main=16777216"
    "memorysetup-job-temp-allocator-block-size=2097152"
    "memorysetup-job-temp-allocator-block-size-background=1048576"
    "memorysetup-job-temp-allocator-reduction-small-platforms=262144"
    "memorysetup-temp-allocator-size-background-worker=32768"
    "memorysetup-temp-allocator-size-job-worker=262144"
    "memorysetup-temp-allocator-size-preload-manager=33554432"
    "memorysetup-temp-allocator-size-nav-mesh-worker=65536"
    "memorysetup-temp-allocator-size-audio-worker=65536"
    "memorysetup-temp-allocator-size-cloud-worker=32768"
    "memorysetup-temp-allocator-size-gi-baking-worker=262144"
    "memorysetup-temp-allocator-size-gfx=262144"
Refreshing native plugins compatible for Editor in 103.94 ms, found 3 plugins.
Preloading 0 native plugins for Editor in 0.00 ms.
Initialize engine version: 2021.3.0f1 (6eacc8284459)
[Subsystems] Discovering subsystems at path D:/2021.3.0f1/Editor/Data/Resources/UnitySubsystems
[Subsystems] Discovering subsystems at path D:/Projeto EJUVV/DGAMES_CatASpell2/Assets
GfxDevice: creating device client; threaded=0; jobified=0
Direct3D:
    Version:  Direct3D 11.0 [level 11.0]
    Renderer: NVIDIA GeForce 940MX (ID=0x134d)
    Vendor:   NVIDIA
    VRAM:     2010 MB
    Driver:   24.21.13.9907
Initialize mono
Mono path[0] = 'D:/2021.3.0f1/Editor/Data/Managed'
Mono path[1] = 'D:/2021.3.0f1/Editor/Data/MonoBleedingEdge/lib/mono/unityjit-win32'
Mono config path = 'D:/2021.3.0f1/Editor/Data/MonoBleedingEdge/etc'
Using monoOptions --debugger-agent=transport=dt_socket,embedding=1,server=y,suspend=n,address=127.0.0.1:56736
Begin MonoManager ReloadAssembly
Registering precompiled unity dll's ...
Register platform support module: D:/2021.3.0f1/Editor/Data/PlaybackEngines/WindowsStandaloneSupport/UnityEditor.WindowsStandalone.Extensions.dll
Registered in 0.002574 seconds.
Native extension for WindowsStandalone target not found
Refreshing native plugins compatible for Editor in 106.86 ms, found 3 plugins.
Preloading 0 native plugins for Editor in 0.00 ms.
Mono: successfully reloaded assembly
- Completed reload, in  1.275 seconds
Domain Reload Profiling:
	ReloadAssembly (1275ms)
		BeginReloadAssembly (105ms)
			ExecutionOrderSort (0ms)
			DisableScriptedObjects (0ms)
			BackupInstance (0ms)
			ReleaseScriptingObjects (0ms)
			CreateAndSetChildDomain (1ms)
		EndReloadAssembly (776ms)
			LoadAssemblies (104ms)
			RebuildTransferFunctionScriptingTraits (0ms)
			SetupTypeCache (373ms)
			ReleaseScriptCaches (0ms)
			RebuildScriptCaches (35ms)
			SetupLoadedEditorAssemblies (312ms)
				LogAssemblyErrors (0ms)
				InitializePlatformSupportModulesInManaged (7ms)
				SetLoadedEditorAssemblies (0ms)
				RefreshPlugins (107ms)
				BeforeProcessingInitializeOnLoad (1ms)
				ProcessInitializeOnLoadAttributes (138ms)
				ProcessInitializeOnLoadMethodAttributes (59ms)
				AfterProcessingInitializeOnLoad (0ms)
				EditorAssembliesLoaded (0ms)
			ExecutionOrderSort2 (0ms)
			AwakeInstancesAfterBackupRestoration (0ms)
Platform modules already initialized, skipping
Registering precompiled user dll's ...
Registered in 0.004276 seconds.
Begin MonoManager ReloadAssembly
Symbol file LoadedFromMemory doesn't match image D:\Projeto EJUVV\DGAMES_CatASpell2\Library\PackageCache\com.unity.visualscripting@1.7.6\Editor\VisualScripting.Core\Dependencies\YamlDotNet\Unity.VisualScripting.YamlDotNet.dll
Symbol file LoadedFromMemory is not a mono symbol file
Symbol file LoadedFromMemory doesn't match image D:\Projeto EJUVV\DGAMES_CatASpell2\Library\PackageCache\com.unity.visualscripting@1.7.6\Editor\VisualScripting.Core\Dependencies\DotNetZip\Unity.VisualScripting.IonicZip.dll
Native extension for WindowsStandalone target not found
Refreshing native plugins compatible for Editor in 99.98 ms, found 3 plugins.
Preloading 0 native plugins for Editor in 0.00 ms.
Mono: successfully reloaded assembly
- Completed reload, in  7.241 seconds
Domain Reload Profiling:
	ReloadAssembly (7242ms)
		BeginReloadAssembly (184ms)
			ExecutionOrderSort (0ms)
			DisableScriptedObjects (12ms)
			BackupInstance (0ms)
			ReleaseScriptingObjects (0ms)
			CreateAndSetChildDomain (27ms)
		EndReloadAssembly (6929ms)
			LoadAssemblies (5809ms)
			RebuildTransferFunctionScriptingTraits (0ms)
			SetupTypeCache (284ms)
			ReleaseScriptCaches (1ms)
			RebuildScriptCaches (62ms)
			SetupLoadedEditorAssemblies (762ms)
				LogAssemblyErrors (0ms)
				InitializePlatformSupportModulesInManaged (4ms)
				SetLoadedEditorAssemblies (0ms)
				RefreshPlugins (100ms)
				BeforeProcessingInitializeOnLoad (135ms)
				ProcessInitializeOnLoadAttributes (367ms)
				ProcessInitializeOnLoadMethodAttributes (153ms)
				AfterProcessingInitializeOnLoad (3ms)
				EditorAssembliesLoaded (0ms)
			ExecutionOrderSort2 (0ms)
			AwakeInstancesAfterBackupRestoration (10ms)
Platform modules already initialized, skipping
========================================================================
Worker process is ready to serve import requests
Shader 'Universal Render Pipeline/Particles/Lit': fallback shader 'Universal Render Pipeline/Particles/SimpleLit' not found
Shader 'Universal Render Pipeline/Particles/Lit': fallback shader 'Universal Render Pipeline/Particles/SimpleLit' not found
Launched and connected shader compiler UnityShaderCompiler.exe after 0.09 seconds
Refreshing native plugins compatible for Editor in 1.31 ms, found 3 plugins.
Preloading 0 native plugins for Editor in 0.00 ms.
Unloading 4538 Unused Serialized files (Serialized files now loaded: 0)
Unloading 67 unused Assets / (4.1 MB). Loaded Objects now: 4982.
Memory consumption went from 182.7 MB to 178.7 MB.
Total: 7.341600 ms (FindLiveObjects: 0.747400 ms CreateObjectMapping: 0.556200 ms MarkObjects: 3.561400 ms  DeleteObjects: 2.475100 ms)

AssetImportParameters requested are different than current active one (requested -> active):
  custom:video-decoder-ogg-theora: a1e56fd34408186e4bbccfd4996cb3dc -> 
  custom:container-muxer-webm: aa71ff27fc2769a1b78a27578f13a17b -> 
  custom:container-demuxer-webm: 4f35f7cbe854078d1ac9338744f61a02 -> 
  custom:video-encoder-webm-vp8: eb34c28f22e8b96e1ab97ce403110664 -> 
  custom:audio-encoder-webm-vorbis: bf7c407c2cedff20999df2af8eb42d56 -> 
  custom:framework-win-MediaFoundation: 216162199b28c13a410421893ffa2e32 -> 
  custom:container-demuxer-ogg: 62fdf1f143b41e24485cea50d1cbac27 -> 
  custom:video-decoder-webm-vp8: 9c59270c3fd7afecdb556c50c9e8de78 -> 
  custom:audio-decoder-ogg-vorbis: bf7c407c2cedff20999df2af8eb42d56 -> 
========================================================================
Received Import Request.
  Time since last request: 34316.932270 seconds.
  path: Assets/Packages/Point-Grass-Renderer/Runtime/Demo/Textures/PG_EXAMPLE_Models_Albedo.png
  artifactKey: Guid(23f1baaf10135bd4a95a101f27a51f8f) Importer(815301076,1909f56bfc062723c751e8b465ee728b)
Start importing Assets/Packages/Point-Grass-Renderer/Runtime/Demo/Textures/PG_EXAMPLE_Models_Albedo.png using Guid(23f1baaf10135bd4a95a101f27a51f8f) Importer(815301076,1909f56bfc062723c751e8b465ee728b)  -> (artifact id: '2dc33869c622b9f6e04d56d2c37b182b') in 0.180385 seconds 
========================================================================
Received Import Request.
  Time since last request: 4.393671 seconds.
  path: Assets/Packages/Point-Grass-Renderer/Runtime/Demo/Textures/Ground Textures
  artifactKey: Guid(0d36bb6af56ca334082ca737a22f6cd7) Importer(815301076,1909f56bfc062723c751e8b465ee728b)
Start importing Assets/Packages/Point-Grass-Renderer/Runtime/Demo/Textures/Ground Textures using Guid(0d36bb6af56ca334082ca737a22f6cd7) Importer(815301076,1909f56bfc062723c751e8b465ee728b)  -> (artifact id: '95d54212ca3548ca1381655e5b960ce8') in 0.011603 seconds 
========================================================================
Received Import Request.
  Time since last request: 2.266380 seconds.
  path: Assets/Packages/Point-Grass-Renderer/Runtime/Demo/Textures/Ground Textures/PG_EXAMPLE_Dirt.png
  artifactKey: Guid(2d4881ada3211cf46bb136b48c0163b9) Importer(815301076,1909f56bfc062723c751e8b465ee728b)
Start importing Assets/Packages/Point-Grass-Renderer/Runtime/Demo/Textures/Ground Textures/PG_EXAMPLE_Dirt.png using Guid(2d4881ada3211cf46bb136b48c0163b9) Importer(815301076,1909f56bfc062723c751e8b465ee728b)  -> (artifact id: '39686b1506d4453b9bbaee8c67476e96') in 0.057308 seconds 
========================================================================
Received Import Request.
  Time since last request: 1.061857 seconds.
  path: Assets/Packages/Point-Grass-Renderer/Runtime/Demo/Textures/Ground Textures/Terrain Layers
  artifactKey: Guid(1c97ed060bbf71e48ab8ab47488eedb0) Importer(815301076,1909f56bfc062723c751e8b465ee728b)
Start importing Assets/Packages/Point-Grass-Renderer/Runtime/Demo/Textures/Ground Textures/Terrain Layers using Guid(1c97ed060bbf71e48ab8ab47488eedb0) Importer(815301076,1909f56bfc062723c751e8b465ee728b)  -> (artifact id: '48cfa16ffbe7b6153ea36b702e729f38') in 0.012185 seconds 
========================================================================
Received Import Request.
  Time since last request: 0.060464 seconds.
  path: Assets/Packages/Point-Grass-Renderer/Runtime/Demo/Textures/Ground Textures/Terrain Layers/PG_EXAMPLE_Dirt.terrainlayer
  artifactKey: Guid(43c85f3c9878d584c863129583cfeb4a) Importer(815301076,1909f56bfc062723c751e8b465ee728b)
Start importing Assets/Packages/Point-Grass-Renderer/Runtime/Demo/Textures/Ground Textures/Terrain Layers/PG_EXAMPLE_Dirt.terrainlayer using Guid(43c85f3c9878d584c863129583cfeb4a) Importer(815301076,1909f56bfc062723c751e8b465ee728b)  -> (artifact id: '5c00e287911db3bd0a51cf025c284168') in 0.076195 seconds 
========================================================================
Received Import Request.
  Time since last request: 15.318045 seconds.
  path: Assets/Fantasy Forest/NewLayer.terrainlayer
  artifactKey: Guid(37a69cd481d9e9d45a383c0171c5cf57) Importer(815301076,1909f56bfc062723c751e8b465ee728b)
Start importing Assets/Fantasy Forest/NewLayer.terrainlayer using Guid(37a69cd481d9e9d45a383c0171c5cf57) Importer(815301076,1909f56bfc062723c751e8b465ee728b)  -> (artifact id: 'ad24ce4d71725d5a9e5e53d56cbab42f') in 0.021763 seconds 
========================================================================
Received Import Request.
  Time since last request: 343.930072 seconds.
  path: Assets/Fantasy Forest/Textures/NewLayer.terrainlayer
  artifactKey: Guid(77bfed2710d09c24892bfef1032dd98c) Importer(815301076,1909f56bfc062723c751e8b465ee728b)
Start importing Assets/Fantasy Forest/Textures/NewLayer.terrainlayer using Guid(77bfed2710d09c24892bfef1032dd98c) Importer(815301076,1909f56bfc062723c751e8b465ee728b)  -> (artifact id: '4ae67d29edefde2666f51a457ec3606b') in 0.027624 seconds 
========================================================================
Received Import Request.
  Time since last request: 446.418726 seconds.
  path: Packages/com.unity.render-pipelines.universal/Shaders/BakedLitInput.hlsl
  artifactKey: Guid(463a8185744c2459f8e621f4e4eb74d3) Importer(815301076,1909f56bfc062723c751e8b465ee728b)
Start importing Packages/com.unity.render-pipelines.universal/Shaders/BakedLitInput.hlsl using Guid(463a8185744c2459f8e621f4e4eb74d3) Importer(815301076,1909f56bfc062723c751e8b465ee728b)  -> (artifact id: 'd2cf02eae34df8b70c26ee57f9113a3c') in 0.121699 seconds 
========================================================================
Received Import Request.
  Time since last request: 0.000035 seconds.
  path: Packages/com.unity.render-pipelines.universal/Shaders/SimpleLitInput.hlsl
  artifactKey: Guid(ad863d097888f42c6bcf419efb2946c5) Importer(815301076,1909f56bfc062723c751e8b465ee728b)
Start importing Packages/com.unity.render-pipelines.universal/Shaders/SimpleLitInput.hlsl using Guid(ad863d097888f42c6bcf419efb2946c5) Importer(815301076,1909f56bfc062723c751e8b465ee728b)  -> (artifact id: '3de049f508f196d4e48b7ddf85488f0f') in 0.035473 seconds 
Editor requested this worker to shutdown with reason: Scaling down because of idle timeout
AssetImportWorker is now disconnected from the server
Process exiting
Exiting without the bug reporter. Application will terminate with return code 0